2020-07-06 07:35:19 [main]  INFO project.faculty.Application - Starting Application on DESKTOP-RVP6OCR with PID 10976 (started by Dima in D:\Soft Java\workspace\Repository\Faculty_Project)
 2020-07-06 07:35:19 [main] DEBUG project.faculty.Application - Running with Spring Boot v2.2.5.RELEASE, Spring v5.2.4.RELEASE
 2020-07-06 07:35:19 [main]  INFO project.faculty.Application - No active profile set, falling back to default profiles: default
 2020-07-06 07:35:21 [main]  INFO o.s.d.r.c.RepositoryConfigurationDelegate - Bootstrapping Spring Data JPA repositories in DEFAULT mode.
 2020-07-06 07:35:21 [main]  INFO o.s.d.r.c.RepositoryConfigurationDelegate - Finished Spring Data repository scanning in 136ms. Found 3 JPA repository interfaces.
 2020-07-06 07:35:23 [main]  INFO o.s.b.w.e.tomcat.TomcatWebServer - Tomcat initialized with port(s): 8080 (http)
 2020-07-06 07:35:23 [main]  INFO o.a.catalina.core.StandardService - Starting service [Tomcat]
 2020-07-06 07:35:23 [main]  INFO o.a.catalina.core.StandardEngine - Starting Servlet engine: [Apache Tomcat/9.0.31]
 2020-07-06 07:35:24 [main]  INFO org.apache.jasper.servlet.TldScanner - At least one JAR was scanned for TLDs yet contained no TLDs. Enable debug logging for this logger for a complete list of JARs that were scanned but no TLDs were found in them. Skipping unneeded JARs during scanning can improve startup time and JSP compilation time.
 2020-07-06 07:35:24 [main]  INFO o.a.c.c.C.[Tomcat].[localhost].[/] - Initializing Spring embedded WebApplicationContext
 2020-07-06 07:35:24 [main]  INFO o.h.jpa.internal.util.LogHelper - HHH000204: Processing PersistenceUnitInfo [name: default]
 2020-07-06 07:35:24 [main]  INFO org.hibernate.Version - HHH000412: Hibernate ORM core version 5.4.12.Final
 2020-07-06 07:35:24 [main]  INFO o.h.annotations.common.Version - HCANN000001: Hibernate Commons Annotations {5.1.0.Final}
 2020-07-06 07:35:25 [main]  INFO com.zaxxer.hikari.HikariDataSource - HikariPool-1 - Starting...
 2020-07-06 07:35:26 [main]  INFO com.zaxxer.hikari.HikariDataSource - HikariPool-1 - Start completed.
 2020-07-06 07:35:26 [main]  INFO org.hibernate.dialect.Dialect - HHH000400: Using dialect: org.hibernate.dialect.MySQL8Dialect
 2020-07-06 07:35:27 [main]  INFO o.h.e.t.j.p.i.JtaPlatformInitiator - HHH000490: Using JtaPlatform implementation: [org.hibernate.engine.transaction.jta.platform.internal.NoJtaPlatform]
 2020-07-06 07:35:28 [main]  INFO o.s.o.j.LocalContainerEntityManagerFactoryBean - Initialized JPA EntityManagerFactory for persistence unit 'default'
 2020-07-06 07:35:28 [main]  WARN o.s.b.a.o.j.JpaBaseConfiguration$JpaWebConfiguration - spring.jpa.open-in-view is enabled by default. Therefore, database queries may be performed during view rendering. Explicitly configure spring.jpa.open-in-view to disable this warning
 2020-07-06 07:35:29 [main]  INFO o.s.s.web.DefaultSecurityFilterChain - Creating filter chain: any request, [org.springframework.security.web.context.request.async.WebAsyncManagerIntegrationFilter@16cf7fd0, org.springframework.security.web.context.SecurityContextPersistenceFilter@6caeba36, org.springframework.security.web.header.HeaderWriterFilter@4ebfb045, org.springframework.security.web.csrf.CsrfFilter@53f495f0, org.springframework.security.web.authentication.logout.LogoutFilter@31b741e2, org.springframework.security.web.authentication.UsernamePasswordAuthenticationFilter@31693a86, org.springframework.security.web.savedrequest.RequestCacheAwareFilter@4bbc21bd, org.springframework.security.web.servletapi.SecurityContextHolderAwareRequestFilter@1d55dd21, org.springframework.security.web.authentication.AnonymousAuthenticationFilter@7bc2bb58, org.springframework.security.web.session.SessionManagementFilter@77c692b4, org.springframework.security.web.access.ExceptionTranslationFilter@13a268cd, org.springframework.security.web.access.intercept.FilterSecurityInterceptor@1b94c789]
 2020-07-06 07:35:29 [main]  INFO o.s.s.c.ThreadPoolTaskExecutor - Initializing ExecutorService 'applicationTaskExecutor'
 2020-07-06 07:35:30 [main]  INFO o.s.b.w.e.tomcat.TomcatWebServer - Tomcat started on port(s): 8080 (http) with context path ''
 2020-07-06 07:35:30 [main]  INFO project.faculty.Application - Started Application in 11.225 seconds (JVM running for 12.167)
 2020-07-06 07:36:19 [http-nio-8080-exec-1]  INFO o.a.c.c.C.[Tomcat].[localhost].[/] - Initializing Spring DispatcherServlet 'dispatcherServlet'
 2020-07-06 07:36:40 [http-nio-8080-exec-6] DEBUG org.hibernate.SQL - select user0_.id as id1_4_, user0_.email as email2_4_, user0_.first_name as first_na3_4_, user0_.last_name as last_nam4_4_, user0_.password as password5_4_, user0_.password_confirm as password6_4_, user0_.role as role7_4_ from user user0_ where user0_.email=?
 2020-07-06 07:36:40 [http-nio-8080-exec-7]  INFO p.faculty.service.EntrantService - Get findAll Entrant
 2020-07-06 07:36:40 [http-nio-8080-exec-7] DEBUG org.hibernate.SQL - select entrant0_.id as id1_0_, entrant0_.encoded_image as encoded_2_0_, entrant0_.fk_faculty as fk_facul5_0_, entrant0_.first_name as first_na3_0_, entrant0_.last_name as last_nam4_0_ from entrant entrant0_
 2020-07-06 07:36:53 [http-nio-8080-exec-9]  INFO p.faculty.service.EntrantService - Get findAll Entrant
 2020-07-06 07:36:53 [http-nio-8080-exec-9] DEBUG org.hibernate.SQL - select entrant0_.id as id1_0_, entrant0_.encoded_image as encoded_2_0_, entrant0_.fk_faculty as fk_facul5_0_, entrant0_.first_name as first_na3_0_, entrant0_.last_name as last_nam4_0_ from entrant entrant0_
 2020-07-06 07:36:55 [http-nio-8080-exec-2]  INFO p.faculty.service.EntrantService - Get findAll Entrant
 2020-07-06 07:36:55 [http-nio-8080-exec-2] DEBUG org.hibernate.SQL - select entrant0_.id as id1_0_, entrant0_.encoded_image as encoded_2_0_, entrant0_.fk_faculty as fk_facul5_0_, entrant0_.first_name as first_na3_0_, entrant0_.last_name as last_nam4_0_ from entrant entrant0_
 2020-07-06 07:37:09 [http-nio-8080-exec-1] DEBUG org.hibernate.SQL - select user0_.id as id1_4_, user0_.email as email2_4_, user0_.first_name as first_na3_4_, user0_.last_name as last_nam4_4_, user0_.password as password5_4_, user0_.password_confirm as password6_4_, user0_.role as role7_4_ from user user0_ where user0_.email=?
 2020-07-06 07:37:09 [http-nio-8080-exec-2]  INFO p.faculty.service.EntrantService - Get findAll Entrant
 2020-07-06 07:37:09 [http-nio-8080-exec-2] DEBUG org.hibernate.SQL - select entrant0_.id as id1_0_, entrant0_.encoded_image as encoded_2_0_, entrant0_.fk_faculty as fk_facul5_0_, entrant0_.first_name as first_na3_0_, entrant0_.last_name as last_nam4_0_ from entrant entrant0_
 2020-07-06 07:37:43 [main]  INFO project.faculty.Application - Starting Application on DESKTOP-RVP6OCR with PID 4752 (started by Dima in D:\Soft Java\workspace\Repository\Faculty_Project)
 2020-07-06 07:37:43 [main] DEBUG project.faculty.Application - Running with Spring Boot v2.2.5.RELEASE, Spring v5.2.4.RELEASE
 2020-07-06 07:37:43 [main]  INFO project.faculty.Application - No active profile set, falling back to default profiles: default
 2020-07-06 07:37:45 [main]  INFO o.s.d.r.c.RepositoryConfigurationDelegate - Bootstrapping Spring Data JPA repositories in DEFAULT mode.
 2020-07-06 07:37:45 [main]  INFO o.s.d.r.c.RepositoryConfigurationDelegate - Finished Spring Data repository scanning in 147ms. Found 3 JPA repository interfaces.
 2020-07-06 07:37:47 [main]  INFO o.s.b.w.e.tomcat.TomcatWebServer - Tomcat initialized with port(s): 8080 (http)
 2020-07-06 07:37:47 [main]  INFO o.a.catalina.core.StandardService - Starting service [Tomcat]
 2020-07-06 07:37:47 [main]  INFO o.a.catalina.core.StandardEngine - Starting Servlet engine: [Apache Tomcat/9.0.31]
 2020-07-06 07:37:47 [main]  INFO org.apache.jasper.servlet.TldScanner - At least one JAR was scanned for TLDs yet contained no TLDs. Enable debug logging for this logger for a complete list of JARs that were scanned but no TLDs were found in them. Skipping unneeded JARs during scanning can improve startup time and JSP compilation time.
 2020-07-06 07:37:47 [main]  INFO o.a.c.c.C.[Tomcat].[localhost].[/] - Initializing Spring embedded WebApplicationContext
 2020-07-06 07:37:48 [main]  INFO o.h.jpa.internal.util.LogHelper - HHH000204: Processing PersistenceUnitInfo [name: default]
 2020-07-06 07:37:48 [main]  INFO org.hibernate.Version - HHH000412: Hibernate ORM core version 5.4.12.Final
 2020-07-06 07:37:48 [main]  INFO o.h.annotations.common.Version - HCANN000001: Hibernate Commons Annotations {5.1.0.Final}
 2020-07-06 07:37:48 [main]  INFO com.zaxxer.hikari.HikariDataSource - HikariPool-1 - Starting...
 2020-07-06 07:37:50 [main]  INFO com.zaxxer.hikari.HikariDataSource - HikariPool-1 - Start completed.
 2020-07-06 07:37:50 [main]  INFO org.hibernate.dialect.Dialect - HHH000400: Using dialect: org.hibernate.dialect.MySQL8Dialect
 2020-07-06 07:37:52 [main]  INFO o.h.e.t.j.p.i.JtaPlatformInitiator - HHH000490: Using JtaPlatform implementation: [org.hibernate.engine.transaction.jta.platform.internal.NoJtaPlatform]
 2020-07-06 07:37:52 [main]  INFO o.s.o.j.LocalContainerEntityManagerFactoryBean - Initialized JPA EntityManagerFactory for persistence unit 'default'
 2020-07-06 07:37:52 [main]  WARN o.s.b.a.o.j.JpaBaseConfiguration$JpaWebConfiguration - spring.jpa.open-in-view is enabled by default. Therefore, database queries may be performed during view rendering. Explicitly configure spring.jpa.open-in-view to disable this warning
 2020-07-06 07:37:53 [main]  INFO o.s.s.web.DefaultSecurityFilterChain - Creating filter chain: any request, [org.springframework.security.web.context.request.async.WebAsyncManagerIntegrationFilter@75cacb3e, org.springframework.security.web.context.SecurityContextPersistenceFilter@3f322610, org.springframework.security.web.header.HeaderWriterFilter@65fc8edc, org.springframework.security.web.csrf.CsrfFilter@5df2023c, org.springframework.security.web.authentication.logout.LogoutFilter@733fae8, org.springframework.security.web.authentication.UsernamePasswordAuthenticationFilter@a84338a, org.springframework.security.web.savedrequest.RequestCacheAwareFilter@6cf047cf, org.springframework.security.web.servletapi.SecurityContextHolderAwareRequestFilter@10b87ff6, org.springframework.security.web.authentication.AnonymousAuthenticationFilter@61957d9c, org.springframework.security.web.session.SessionManagementFilter@7740b0ab, org.springframework.security.web.access.ExceptionTranslationFilter@7ea07516, org.springframework.security.web.access.intercept.FilterSecurityInterceptor@3348c987]
 2020-07-06 07:37:53 [main]  INFO o.s.s.c.ThreadPoolTaskExecutor - Initializing ExecutorService 'applicationTaskExecutor'
 2020-07-06 07:37:54 [main]  INFO o.s.b.w.e.tomcat.TomcatWebServer - Tomcat started on port(s): 8080 (http) with context path ''
 2020-07-06 07:37:54 [main]  INFO project.faculty.Application - Started Application in 11.47 seconds (JVM running for 12.497)
 2020-07-06 07:38:00 [http-nio-8080-exec-1]  INFO o.a.c.c.C.[Tomcat].[localhost].[/] - Initializing Spring DispatcherServlet 'dispatcherServlet'
 2020-07-06 07:38:11 [http-nio-8080-exec-5] DEBUG org.hibernate.SQL - select user0_.id as id1_4_, user0_.email as email2_4_, user0_.first_name as first_na3_4_, user0_.last_name as last_nam4_4_, user0_.password as password5_4_, user0_.password_confirm as password6_4_, user0_.role as role7_4_ from user user0_ where user0_.email=?
 2020-07-06 07:38:11 [http-nio-8080-exec-6]  INFO p.faculty.service.EntrantService - Get findAll Entrant
 2020-07-06 07:38:11 [http-nio-8080-exec-6] DEBUG org.hibernate.SQL - select entrant0_.id as id1_0_, entrant0_.encoded_image as encoded_2_0_, entrant0_.fk_faculty as fk_facul5_0_, entrant0_.first_name as first_na3_0_, entrant0_.last_name as last_nam4_0_ from entrant entrant0_
 2020-07-06 07:38:20 [http-nio-8080-exec-8]  INFO p.faculty.service.EntrantService - Get findAll Entrant
 2020-07-06 07:38:20 [http-nio-8080-exec-8] DEBUG org.hibernate.SQL - select entrant0_.id as id1_0_, entrant0_.encoded_image as encoded_2_0_, entrant0_.fk_faculty as fk_facul5_0_, entrant0_.first_name as first_na3_0_, entrant0_.last_name as last_nam4_0_ from entrant entrant0_
 2020-07-06 07:39:03 [main]  INFO project.faculty.Application - Starting Application on DESKTOP-RVP6OCR with PID 14228 (started by Dima in D:\Soft Java\workspace\Repository\Faculty_Project)
 2020-07-06 07:39:03 [main] DEBUG project.faculty.Application - Running with Spring Boot v2.2.5.RELEASE, Spring v5.2.4.RELEASE
 2020-07-06 07:39:03 [main]  INFO project.faculty.Application - No active profile set, falling back to default profiles: default
 2020-07-06 07:39:04 [main]  INFO o.s.d.r.c.RepositoryConfigurationDelegate - Bootstrapping Spring Data JPA repositories in DEFAULT mode.
 2020-07-06 07:39:04 [main]  INFO o.s.d.r.c.RepositoryConfigurationDelegate - Finished Spring Data repository scanning in 142ms. Found 3 JPA repository interfaces.
 2020-07-06 07:39:06 [main]  INFO o.s.b.w.e.tomcat.TomcatWebServer - Tomcat initialized with port(s): 8080 (http)
 2020-07-06 07:39:06 [main]  INFO o.a.catalina.core.StandardService - Starting service [Tomcat]
 2020-07-06 07:39:06 [main]  INFO o.a.catalina.core.StandardEngine - Starting Servlet engine: [Apache Tomcat/9.0.31]
 2020-07-06 07:39:07 [main]  INFO org.apache.jasper.servlet.TldScanner - At least one JAR was scanned for TLDs yet contained no TLDs. Enable debug logging for this logger for a complete list of JARs that were scanned but no TLDs were found in them. Skipping unneeded JARs during scanning can improve startup time and JSP compilation time.
 2020-07-06 07:39:07 [main]  INFO o.a.c.c.C.[Tomcat].[localhost].[/] - Initializing Spring embedded WebApplicationContext
 2020-07-06 07:39:07 [main]  INFO o.h.jpa.internal.util.LogHelper - HHH000204: Processing PersistenceUnitInfo [name: default]
 2020-07-06 07:39:07 [main]  INFO org.hibernate.Version - HHH000412: Hibernate ORM core version 5.4.12.Final
 2020-07-06 07:39:08 [main]  INFO o.h.annotations.common.Version - HCANN000001: Hibernate Commons Annotations {5.1.0.Final}
 2020-07-06 07:39:08 [main]  INFO com.zaxxer.hikari.HikariDataSource - HikariPool-1 - Starting...
 2020-07-06 07:39:09 [main]  INFO com.zaxxer.hikari.HikariDataSource - HikariPool-1 - Start completed.
 2020-07-06 07:39:09 [main]  INFO org.hibernate.dialect.Dialect - HHH000400: Using dialect: org.hibernate.dialect.MySQL8Dialect
 2020-07-06 07:39:11 [main]  INFO o.h.e.t.j.p.i.JtaPlatformInitiator - HHH000490: Using JtaPlatform implementation: [org.hibernate.engine.transaction.jta.platform.internal.NoJtaPlatform]
 2020-07-06 07:39:11 [main]  INFO o.s.o.j.LocalContainerEntityManagerFactoryBean - Initialized JPA EntityManagerFactory for persistence unit 'default'
 2020-07-06 07:39:11 [main]  WARN o.s.b.a.o.j.JpaBaseConfiguration$JpaWebConfiguration - spring.jpa.open-in-view is enabled by default. Therefore, database queries may be performed during view rendering. Explicitly configure spring.jpa.open-in-view to disable this warning
 2020-07-06 07:39:13 [main]  INFO o.s.s.web.DefaultSecurityFilterChain - Creating filter chain: any request, [org.springframework.security.web.context.request.async.WebAsyncManagerIntegrationFilter@5ca22e19, org.springframework.security.web.context.SecurityContextPersistenceFilter@50bf795f, org.springframework.security.web.header.HeaderWriterFilter@6029f2a4, org.springframework.security.web.csrf.CsrfFilter@5423a17, org.springframework.security.web.authentication.logout.LogoutFilter@32e830a0, org.springframework.security.web.authentication.UsernamePasswordAuthenticationFilter@75d97e18, org.springframework.security.web.savedrequest.RequestCacheAwareFilter@353b0719, org.springframework.security.web.servletapi.SecurityContextHolderAwareRequestFilter@a357c3e, org.springframework.security.web.authentication.AnonymousAuthenticationFilter@29d3d0fb, org.springframework.security.web.session.SessionManagementFilter@30358dc7, org.springframework.security.web.access.ExceptionTranslationFilter@66d2885c, org.springframework.security.web.access.intercept.FilterSecurityInterceptor@5a8dcfbb]
 2020-07-06 07:39:13 [main]  INFO o.s.s.c.ThreadPoolTaskExecutor - Initializing ExecutorService 'applicationTaskExecutor'
 2020-07-06 07:39:14 [main]  INFO o.s.b.w.e.tomcat.TomcatWebServer - Tomcat started on port(s): 8080 (http) with context path ''
 2020-07-06 07:39:14 [main]  INFO project.faculty.Application - Started Application in 11.866 seconds (JVM running for 12.858)
 2020-07-06 07:39:27 [http-nio-8080-exec-1]  INFO o.a.c.c.C.[Tomcat].[localhost].[/] - Initializing Spring DispatcherServlet 'dispatcherServlet'
 2020-07-06 07:39:36 [http-nio-8080-exec-4] DEBUG org.hibernate.SQL - select user0_.id as id1_4_, user0_.email as email2_4_, user0_.first_name as first_na3_4_, user0_.last_name as last_nam4_4_, user0_.password as password5_4_, user0_.password_confirm as password6_4_, user0_.role as role7_4_ from user user0_ where user0_.email=?
 2020-07-06 07:39:37 [http-nio-8080-exec-7]  INFO p.faculty.service.EntrantService - Get findAll Entrant
 2020-07-06 07:39:37 [http-nio-8080-exec-7] DEBUG org.hibernate.SQL - select entrant0_.id as id1_0_, entrant0_.encoded_image as encoded_2_0_, entrant0_.fk_faculty as fk_facul5_0_, entrant0_.first_name as first_na3_0_, entrant0_.last_name as last_nam4_0_ from entrant entrant0_
 2020-07-06 07:39:45 [http-nio-8080-exec-6]  INFO p.faculty.service.EntrantService - Get findAll Entrant
 2020-07-06 07:39:45 [http-nio-8080-exec-6] DEBUG org.hibernate.SQL - select entrant0_.id as id1_0_, entrant0_.encoded_image as encoded_2_0_, entrant0_.fk_faculty as fk_facul5_0_, entrant0_.first_name as first_na3_0_, entrant0_.last_name as last_nam4_0_ from entrant entrant0_
 